<?xml version="1.0" encoding="UTF-8"?>
<robot generator="Robot 4.1.2 (Python 3.9.7 on win32)" generated="20220325 13:52:08.014" rpa="false" schemaversion="2">
<suite id="s1" name="Team Particuliers" source="C:\Users\aazouagh\PycharmProjects\RobotFramework\Tests\Team_Particuliers.robot">
<test id="s1-t1" name="Ouverture du navigateur">
<kw name="Open Browser" library="Selenium2Library">
<arg>https://particuliers.engie.fr</arg>
<doc>Opens a new browser instance to the optional ``url``.</doc>
<msg timestamp="20220325 13:52:08.246" level="INFO">Opening browser 'firefox' to base url 'https://particuliers.engie.fr'.</msg>
<msg timestamp="20220325 13:52:08.261" level="INFO">Firefox driver log is always forced to to: C:\Users\aazouagh\PycharmProjects\RobotFramework\results\geckodriver-34.log</msg>
<status status="PASS" starttime="20220325 13:52:08.246" endtime="20220325 13:52:23.812"/>
</kw>
<kw name="Maximize Browser Window" library="Selenium2Library">
<doc>Maximizes current browser window.</doc>
<status status="PASS" starttime="20220325 13:52:23.812" endtime="20220325 13:52:24.113"/>
</kw>
<kw name="Wait Until Page Contains Element" library="Selenium2Library">
<arg>//span[contains(text(), 'Continuer sans accepter')]</arg>
<doc>Waits until the element ``locator`` appears on the current page.</doc>
<status status="PASS" starttime="20220325 13:52:24.128" endtime="20220325 13:52:24.150"/>
</kw>
<kw name="Click Element" library="Selenium2Library">
<arg>//span[contains(text(), 'Continuer sans accepter')]</arg>
<doc>Click the element identified by ``locator``.</doc>
<msg timestamp="20220325 13:52:24.150" level="INFO">Clicking element '//span[contains(text(), 'Continuer sans accepter')]'.</msg>
<status status="PASS" starttime="20220325 13:52:24.150" endtime="20220325 13:52:24.435"/>
</kw>
<kw name="Click Element" library="Selenium2Library">
<arg>//span[contains(text(), 'Espace Client')]</arg>
<doc>Click the element identified by ``locator``.</doc>
<msg timestamp="20220325 13:52:24.435" level="INFO">Clicking element '//span[contains(text(), 'Espace Client')]'.</msg>
<kw name="Capture Page Screenshot" library="Selenium2Library">
<doc>Takes a screenshot of the current page and embeds it into a log file.</doc>
<msg timestamp="20220325 13:52:24.667" level="INFO" html="true">&lt;/td&gt;&lt;/tr&gt;&lt;tr&gt;&lt;td colspan="3"&gt;&lt;a href="selenium-screenshot-5.png"&gt;&lt;img src="selenium-screenshot-5.png" width="800px"&gt;&lt;/a&gt;</msg>
<status status="PASS" starttime="20220325 13:52:24.467" endtime="20220325 13:52:24.667"/>
</kw>
<msg timestamp="20220325 13:52:24.683" level="FAIL">ElementNotInteractableException: Message: Element &lt;span class="u-visibilityHidden"&gt; could not be scrolled into view
</msg>
<status status="FAIL" starttime="20220325 13:52:24.435" endtime="20220325 13:52:24.683"/>
</kw>
<kw name="Wait Until Page Contains Element" library="Selenium2Library">
<arg>//span[contains(text(), 'Me connecter')]</arg>
<doc>Waits until the element ``locator`` appears on the current page.</doc>
<status status="NOT RUN" starttime="20220325 13:52:24.683" endtime="20220325 13:52:24.683"/>
</kw>
<kw name="Input Text" library="Selenium2Library">
<arg>input-4</arg>
<arg>${VALID USER}</arg>
<doc>Types the given ``text`` into the text field identified by ``locator``.</doc>
<status status="NOT RUN" starttime="20220325 13:52:24.683" endtime="20220325 13:52:24.683"/>
</kw>
<kw name="Input Password" library="Selenium2Library">
<arg>input-5</arg>
<arg>${VALID PASSWORD}</arg>
<doc>Types the given password into the text field identified by ``locator``.</doc>
<status status="NOT RUN" starttime="20220325 13:52:24.683" endtime="20220325 13:52:24.683"/>
</kw>
<kw name="Click Element" library="Selenium2Library">
<arg>//span[contains(text(), 'Me connecter')]</arg>
<doc>Click the element identified by ``locator``.</doc>
<status status="NOT RUN" starttime="20220325 13:52:24.683" endtime="20220325 13:52:24.683"/>
</kw>
<status status="FAIL" starttime="20220325 13:52:08.246" endtime="20220325 13:52:24.683">ElementNotInteractableException: Message: Element &lt;span class="u-visibilityHidden"&gt; could not be scrolled into view
</status>
</test>
<doc>TEAM_PARTICULIERS</doc>
<status status="FAIL" starttime="20220325 13:52:08.014" endtime="20220325 13:52:24.683"/>
</suite>
<statistics>
<total>
<stat pass="0" fail="1" skip="0">All Tests</stat>
</total>
<tag>
</tag>
<suite>
<stat pass="0" fail="1" skip="0" id="s1" name="Team Particuliers">Team Particuliers</stat>
</suite>
</statistics>
<errors>
</errors>
</robot>
